Chat-Messenger/build/app/intermediates/manifest_merge_blame_file/debug/manifest-merger-blame-debug-report.txt
1<?xml version="1.0" encoding="utf-8"?>
2<manifest xmlns:android="http://schemas.android.com/apk/res/android"
3    package="com.iinnside.messanger"
4    android:versionCode="1"
5    android:versionName="1.0.0" >
6
7    <uses-sdk
8        android:minSdkVersion="24"
9        android:targetSdkVersion="34" />
10    <!--
11         The INTERNET permission is required for development. Specifically,
12         the Flutter tool needs it to communicate with the running application
13         to allow setting breakpoints, to provide hot reload, etc.
14    -->
15    <uses-permission android:name="android.permission.INTERNET" />
15-->src\main\AndroidManifest.xml:3:5-4:53
15-->src\main\AndroidManifest.xml:4:9-51
16    <!-- Google Admob Ads advertising ID declaration -->
17    <uses-permission android:name="com.google.android.gms.permission.AD_ID" /> <!-- For Location access -->
17-->src\main\AndroidManifest.xml:6:5-7:65
17-->src\main\AndroidManifest.xml:7:9-63
18    <uses-permission android:name="android.permission.ACCESS_FINE_LOCATION" />
18-->src\main\AndroidManifest.xml:9:5-10:65
18-->src\main\AndroidManifest.xml:10:9-63
19    <uses-permission android:name="android.permission.ACCESS_COARSE_LOCATION" /> <!-- Access to photos, videos -->
19-->src\main\AndroidManifest.xml:11:5-12:67
19-->src\main\AndroidManifest.xml:12:9-65
20    <uses-permission android:name="android.permission.READ_MEDIA_IMAGES" />
20-->src\main\AndroidManifest.xml:14:5-15:62
20-->src\main\AndroidManifest.xml:15:9-60
21    <uses-permission android:name="android.permission.READ_MEDIA_VIDEO" /> <!-- For Storage -->
21-->src\main\AndroidManifest.xml:16:5-17:61
21-->src\main\AndroidManifest.xml:17:9-59
22    <uses-permission android:name="android.permission.RECORD_AUDIO" />
22-->src\main\AndroidManifest.xml:19:5-20:57
22-->src\main\AndroidManifest.xml:20:9-55
23    <uses-permission android:name="android.permission.READ_EXTERNAL_STORAGE" />
23-->src\main\AndroidManifest.xml:21:5-22:66
23-->src\main\AndroidManifest.xml:22:9-64
24    <uses-permission
24-->src\main\AndroidManifest.xml:23:5-24:67
25        android:name="android.permission.WRITE_EXTERNAL_STORAGE"
25-->src\main\AndroidManifest.xml:24:9-65
26        android:maxSdkVersion="28" /> <!-- Video & voice call permissions -->
26-->[:camera_android_camerax] AndroidManifest.xml:16:9-35
27    <uses-permission android:name="android.permission.CAMERA" />
27-->src\main\AndroidManifest.xml:26:5-27:51
27-->src\main\AndroidManifest.xml:27:9-49
28    <uses-permission android:name="android.permission.READ_PHONE_STATE" />
28-->src\main\AndroidManifest.xml:28:5-29:61
28-->src\main\AndroidManifest.xml:29:9-59
29    <uses-permission android:name="android.permission.MODIFY_AUDIO_SETTINGS" />
29-->src\main\AndroidManifest.xml:30:5-31:66
29-->src\main\AndroidManifest.xml:31:9-64
30    <uses-permission android:name="android.permission.ACCESS_NETWORK_STATE" />
30-->src\main\AndroidManifest.xml:32:5-33:65
30-->src\main\AndroidManifest.xml:33:9-63
31    <uses-permission android:name="android.permission.BLUETOOTH" />
31-->src\main\AndroidManifest.xml:34:5-35:54
31-->src\main\AndroidManifest.xml:35:9-52
32    <uses-permission android:name="android.permission.ACCESS_WIFI_STATE" />
32-->src\main\AndroidManifest.xml:36:5-37:62
32-->src\main\AndroidManifest.xml:37:9-60
33    <uses-permission android:name="android.permission.WAKE_LOCK" />
33-->src\main\AndroidManifest.xml:38:5-39:54
33-->src\main\AndroidManifest.xml:39:9-52
34    <!--
35 Queries tag
36        Provide required visibility configuration for API level 30 and above
37    -->
38    <queries>
38-->src\main\AndroidManifest.xml:42:5-57:15
39
40        <!-- Opens https URLs - Config for url_launcher plugin -->
41        <intent>
41-->src\main\AndroidManifest.xml:44:9-49:18
42            <action android:name="android.intent.action.VIEW" />
42-->src\main\AndroidManifest.xml:45:13-46:60
42-->src\main\AndroidManifest.xml:46:17-58
43
44            <data android:scheme="https" />
44-->src\main\AndroidManifest.xml:47:13-48:41
44-->src\main\AndroidManifest.xml:48:17-39
45        </intent>
46        <!-- Opens app emails - Config for url_launcher plugin -->
47        <intent>
47-->src\main\AndroidManifest.xml:51:9-56:18
48            <action android:name="android.intent.action.SEND" />
48-->src\main\AndroidManifest.xml:52:13-53:60
48-->src\main\AndroidManifest.xml:53:17-58
49
50            <data android:mimeType="*/*" />
50-->src\main\AndroidManifest.xml:47:13-48:41
51        </intent>
52        <intent>
52-->[:file_picker] AndroidManifest.xml:14:9-18:18
53            <action android:name="android.intent.action.GET_CONTENT" />
53-->[:file_picker] AndroidManifest.xml:15:13-72
53-->[:file_picker] AndroidManifest.xml:15:21-69
54
55            <data android:mimeType="*/*" />
55-->src\main\AndroidManifest.xml:47:13-48:41
56        </intent> <!-- For browser content -->
57        <intent>
57-->[com.google.android.gms:play-services-ads-lite:23.0.0] AndroidManifest.xml:38:9-44:18
58            <action android:name="android.intent.action.VIEW" />
58-->src\main\AndroidManifest.xml:45:13-46:60
58-->src\main\AndroidManifest.xml:46:17-58
59
60            <category android:name="android.intent.category.BROWSABLE" />
60-->[com.google.firebase:firebase-auth:23.0.0] AndroidManifest.xml:39:17-78
60-->[com.google.firebase:firebase-auth:23.0.0] AndroidManifest.xml:39:27-75
61
62            <data android:scheme="https" />
62-->src\main\AndroidManifest.xml:47:13-48:41
62-->src\main\AndroidManifest.xml:48:17-39
63        </intent> <!-- End of browser content -->
64        <!-- For CustomTabsService -->
65        <intent>
65-->[com.google.android.gms:play-services-ads-lite:23.0.0] AndroidManifest.xml:47:9-49:18
66            <action android:name="android.support.customtabs.action.CustomTabsService" />
66-->[com.google.android.gms:play-services-ads-lite:23.0.0] AndroidManifest.xml:48:13-90
66-->[com.google.android.gms:play-services-ads-lite:23.0.0] AndroidManifest.xml:48:21-87
67        </intent>
68    </queries> <!-- For Android 12 and above devices, the following permission is also required. -->
69    <uses-permission android:name="android.permission.BLUETOOTH_CONNECT" />
69-->[:agora_rtc_engine] AndroidManifest.xml:21:5-76
69-->[:agora_rtc_engine] AndroidManifest.xml:21:22-73
70    <uses-permission android:name="android.permission.FOREGROUND_SERVICE" />
70-->[:assets_audio_player] AndroidManifest.xml:9:5-77
70-->[:assets_audio_player] AndroidManifest.xml:9:22-74
71    <uses-permission android:name="android.permission.VIBRATE" />
71-->[:assets_audio_player] AndroidManifest.xml:10:5-66
71-->[:assets_audio_player] AndroidManifest.xml:10:22-63
72
73    <uses-feature android:name="android.hardware.camera.any" /> <!-- Permissions options for the `notification` group -->
73-->[:camera_android_camerax] AndroidManifest.xml:10:5-64
73-->[:camera_android_camerax] AndroidManifest.xml:10:19-61
74    <uses-permission android:name="android.permission.POST_NOTIFICATIONS" /> <!-- Required by older versions of Google Play services to create IID tokens -->
74-->[:firebase_messaging] AndroidManifest.xml:13:5-77
74-->[:firebase_messaging] AndroidManifest.xml:13:22-74
75    <uses-permission android:name="com.google.android.c2dm.permission.RECEIVE" />
75-->[com.google.firebase:firebase-messaging:24.0.0] AndroidManifest.xml:26:5-82
75-->[com.google.firebase:firebase-messaging:24.0.0] AndroidManifest.xml:26:22-79
76    <uses-permission android:name="android.permission.ACCESS_ADSERVICES_AD_ID" />
76-->[com.google.android.gms:play-services-ads-lite:23.0.0] AndroidManifest.xml:27:5-82
76-->[com.google.android.gms:play-services-ads-lite:23.0.0] AndroidManifest.xml:27:22-79
77    <uses-permission android:name="android.permission.ACCESS_ADSERVICES_ATTRIBUTION" />
77-->[com.google.android.gms:play-services-ads-lite:23.0.0] AndroidManifest.xml:28:5-88
77-->[com.google.android.gms:play-services-ads-lite:23.0.0] AndroidManifest.xml:28:22-85
78    <uses-permission android:name="android.permission.ACCESS_ADSERVICES_TOPICS" />
78-->[com.google.android.gms:play-services-ads-lite:23.0.0] AndroidManifest.xml:29:5-83
78-->[com.google.android.gms:play-services-ads-lite:23.0.0] AndroidManifest.xml:29:22-80
79    <uses-permission android:name="com.google.android.providers.gsf.permission.READ_GSERVICES" />
79-->[com.google.android.recaptcha:recaptcha:18.4.0] AndroidManifest.xml:9:5-98
79-->[com.google.android.recaptcha:recaptcha:18.4.0] AndroidManifest.xml:9:22-95
80
81    <permission
81-->[androidx.core:core:1.12.0] AndroidManifest.xml:22:5-24:47
82        android:name="com.iinnside.messanger.DYNAMIC_RECEIVER_NOT_EXPORTED_PERMISSION"
82-->[androidx.core:core:1.12.0] AndroidManifest.xml:23:9-81
83        android:protectionLevel="signature" />
83-->[androidx.core:core:1.12.0] AndroidManifest.xml:24:9-44
84
85    <uses-permission android:name="com.iinnside.messanger.DYNAMIC_RECEIVER_NOT_EXPORTED_PERMISSION" />
85-->[androidx.core:core:1.12.0] AndroidManifest.xml:26:5-97
85-->[androidx.core:core:1.12.0] AndroidManifest.xml:26:22-94
86
87    <application
88        android:name="android.app.Application"
89        android:appComponentFactory="androidx.core.app.CoreComponentFactory"
89-->[androidx.core:core:1.12.0] AndroidManifest.xml:28:18-86
90        android:debuggable="true"
91        android:extractNativeLibs="true"
92        android:icon="@mipmap/ic_launcher"
93        android:label="messanger" >
94        <activity
95            android:name="com.iinnside.messanger.MainActivity"
96            android:configChanges="orientation|keyboardHidden|keyboard|screenSize|smallestScreenSize|locale|layoutDirection|fontScale|screenLayout|density|uiMode"
97            android:exported="true"
98            android:hardwareAccelerated="true"
99            android:launchMode="singleTop"
100            android:theme="@style/LaunchTheme"
101            android:windowSoftInputMode="adjustResize" >
102
103            <!--
104                 Specifies an Android theme to apply to this Activity as soon as
105                 the Android process has started. This theme is visible to the user
106                 while the Flutter UI initializes. After that, this theme continues
107                 to determine the Window background behind the Flutter UI.
108            -->
109            <meta-data
110                android:name="io.flutter.embedding.android.NormalTheme"
111                android:resource="@style/NormalTheme" />
112
113            <intent-filter>
114                <action android:name="android.intent.action.MAIN" />
115
116                <category android:name="android.intent.category.LAUNCHER" />
117            </intent-filter>
118        </activity>
119        <!--
120             Don't delete the meta-data below.
121             This is used by the Flutter tool to generate GeneratedPluginRegistrant.java
122        -->
123        <meta-data
124            android:name="flutterEmbedding"
125            android:value="2" />
126        <!-- Config for image_cropper plugin -->
127        <activity
128            android:name="com.yalantis.ucrop.UCropActivity"
129            android:screenOrientation="portrait"
130            android:theme="@style/Theme.AppCompat.Light.NoActionBar" />
131        <!--
132          Config for firebase_messaging plugin
133          Set your App Icon with white color for Incoming Push Notifications Icon.
134        -->
135        <meta-data
136            android:name="com.google.firebase.messaging.default_notification_icon"
137            android:resource="@drawable/app_icon" />
138        <!-- Config for google_mobile_ads plugin -->
139        <!-- Replace this Test AdMob App ID with yours: ca-app-pub-3940256099942544~3347511713 -->
140        <meta-data
141            android:name="com.google.android.gms.ads.APPLICATION_ID"
142            android:value="ca-app-pub-3940256099942544~3347511713" />
143
144        <receiver
144-->[:assets_audio_player] AndroidManifest.xml:14:9-20:20
145            android:name="com.github.florent37.assets_audio_player.notification.NotificationActionReceiver"
145-->[:assets_audio_player] AndroidManifest.xml:15:13-108
146            android:exported="true" >
146-->[:assets_audio_player] AndroidManifest.xml:16:13-36
147            <intent-filter>
147-->[:assets_audio_player] AndroidManifest.xml:17:13-19:29
148                <action android:name="android.intent.action.MEDIA_BUTTON" />
148-->[:assets_audio_player] AndroidManifest.xml:18:17-77
148-->[:assets_audio_player] AndroidManifest.xml:18:25-74
149            </intent-filter>
150        </receiver>
151        <receiver
151-->[:assets_audio_player] AndroidManifest.xml:21:9-27:20
152            android:name="com.github.florent37.assets_audio_player.notification.CustomMediaButtonReceiver"
152-->[:assets_audio_player] AndroidManifest.xml:22:13-107
153            android:exported="true" >
153-->[:assets_audio_player] AndroidManifest.xml:23:13-36
154            <intent-filter>
154-->[:assets_audio_player] AndroidManifest.xml:17:13-19:29
155                <action android:name="android.intent.action.MEDIA_BUTTON" />
155-->[:assets_audio_player] AndroidManifest.xml:18:17-77
155-->[:assets_audio_player] AndroidManifest.xml:18:25-74
156            </intent-filter>
157        </receiver>
158
159        <service
159-->[:assets_audio_player] AndroidManifest.xml:29:9-40:19
160            android:name="com.github.florent37.assets_audio_player.notification.NotificationService"
160-->[:assets_audio_player] AndroidManifest.xml:30:13-101
161            android:enabled="true"
161-->[:assets_audio_player] AndroidManifest.xml:31:13-35
162            android:exported="true"
162-->[:assets_audio_player] AndroidManifest.xml:32:13-36
163            android:foregroundServiceType="mediaPlayback" >
163-->[:assets_audio_player] AndroidManifest.xml:33:13-58
164            <intent-filter>
164-->[:assets_audio_player] AndroidManifest.xml:34:13-36:29
165                <action android:name="android.media.browse.MediaBrowserService" />
165-->[:assets_audio_player] AndroidManifest.xml:35:17-83
165-->[:assets_audio_player] AndroidManifest.xml:35:25-80
166            </intent-filter>
167            <intent-filter>
167-->[:assets_audio_player] AndroidManifest.xml:17:13-19:29
168                <action android:name="android.intent.action.MEDIA_BUTTON" />
168-->[:assets_audio_player] AndroidManifest.xml:18:17-77
168-->[:assets_audio_player] AndroidManifest.xml:18:25-74
169            </intent-filter>
170        </service>
171        <service
171-->[:cloud_firestore] AndroidManifest.xml:10:9-14:19
172            android:name="com.google.firebase.components.ComponentDiscoveryService"
172-->[:cloud_firestore] AndroidManifest.xml:10:18-89
173            android:directBootAware="true"
173-->[com.google.firebase:firebase-common:21.0.0] AndroidManifest.xml:32:13-43
174            android:exported="false" >
174-->[com.google.firebase:firebase-auth:23.0.0] AndroidManifest.xml:68:13-37
175            <meta-data
175-->[:cloud_firestore] AndroidManifest.xml:11:13-13:85
176                android:name="com.google.firebase.components:io.flutter.plugins.firebase.firestore.FlutterFirebaseFirestoreRegistrar"
176-->[:cloud_firestore] AndroidManifest.xml:12:17-134
177                android:value="com.google.firebase.components.ComponentRegistrar" />
177-->[:cloud_firestore] AndroidManifest.xml:13:17-82
178            <meta-data
178-->[:cloud_functions] AndroidManifest.xml:11:13-13:85
179                android:name="com.google.firebase.components:io.flutter.plugins.firebase.functions.FlutterFirebaseAppRegistrar"
179-->[:cloud_functions] AndroidManifest.xml:12:17-128
180                android:value="com.google.firebase.components.ComponentRegistrar" />
180-->[:cloud_functions] AndroidManifest.xml:13:17-82
181            <meta-data
181-->[:firebase_auth] AndroidManifest.xml:11:13-13:85
182                android:name="com.google.firebase.components:io.flutter.plugins.firebase.auth.FlutterFirebaseAuthRegistrar"
182-->[:firebase_auth] AndroidManifest.xml:12:17-124
183                android:value="com.google.firebase.components.ComponentRegistrar" />
183-->[:firebase_auth] AndroidManifest.xml:13:17-82
184            <meta-data
184-->[:firebase_database] AndroidManifest.xml:11:13-13:85
185                android:name="com.google.firebase.components:io.flutter.plugins.firebase.database.FlutterFirebaseAppRegistrar"
185-->[:firebase_database] AndroidManifest.xml:12:17-127
186                android:value="com.google.firebase.components.ComponentRegistrar" />
186-->[:firebase_database] AndroidManifest.xml:13:17-82
187            <meta-data
187-->[:firebase_messaging] AndroidManifest.xml:38:13-40:85
188                android:name="com.google.firebase.components:io.flutter.plugins.firebase.messaging.FlutterFirebaseAppRegistrar"
188-->[:firebase_messaging] AndroidManifest.xml:39:17-128
189                android:value="com.google.firebase.components.ComponentRegistrar" />
189-->[:firebase_messaging] AndroidManifest.xml:40:17-82
190            <meta-data
190-->[:firebase_storage] AndroidManifest.xml:11:13-13:85
191                android:name="com.google.firebase.components:io.flutter.plugins.firebase.storage.FlutterFirebaseAppRegistrar"
191-->[:firebase_storage] AndroidManifest.xml:12:17-126
192                android:value="com.google.firebase.components.ComponentRegistrar" />
192-->[:firebase_storage] AndroidManifest.xml:13:17-82
193            <meta-data
193-->[:firebase_core] AndroidManifest.xml:11:13-13:85
194                android:name="com.google.firebase.components:io.flutter.plugins.firebase.core.FlutterFirebaseCoreRegistrar"
194-->[:firebase_core] AndroidManifest.xml:12:17-124
195                android:value="com.google.firebase.components.ComponentRegistrar" />
195-->[:firebase_core] AndroidManifest.xml:13:17-82
196            <meta-data
196-->[com.google.firebase:firebase-auth:23.0.0] AndroidManifest.xml:69:13-71:85
197                android:name="com.google.firebase.components:com.google.firebase.auth.FirebaseAuthRegistrar"
197-->[com.google.firebase:firebase-auth:23.0.0] AndroidManifest.xml:70:17-109
198                android:value="com.google.firebase.components.ComponentRegistrar" />
198-->[com.google.firebase:firebase-auth:23.0.0] AndroidManifest.xml:71:17-82
199            <meta-data
199-->[com.google.firebase:firebase-functions:21.0.0] AndroidManifest.xml:15:13-17:85
200                android:name="com.google.firebase.components:com.google.firebase.functions.FirebaseFunctionsKtxRegistrar"
200-->[com.google.firebase:firebase-functions:21.0.0] AndroidManifest.xml:16:17-122
201                android:value="com.google.firebase.components.ComponentRegistrar" />
201-->[com.google.firebase:firebase-functions:21.0.0] AndroidManifest.xml:17:17-82
202            <meta-data
202-->[com.google.firebase:firebase-functions:21.0.0] AndroidManifest.xml:18:13-20:85
203                android:name="com.google.firebase.components:com.google.firebase.functions.FunctionsRegistrar"
203-->[com.google.firebase:firebase-functions:21.0.0] AndroidManifest.xml:19:17-111
204                android:value="com.google.firebase.components.ComponentRegistrar" />
204-->[com.google.firebase:firebase-functions:21.0.0] AndroidManifest.xml:20:17-82
205            <meta-data
205-->[com.google.firebase:firebase-firestore:25.0.0] AndroidManifest.xml:17:13-19:85
206                android:name="com.google.firebase.components:com.google.firebase.firestore.FirebaseFirestoreKtxRegistrar"
206-->[com.google.firebase:firebase-firestore:25.0.0] AndroidManifest.xml:18:17-122
207                android:value="com.google.firebase.components.ComponentRegistrar" />
207-->[com.google.firebase:firebase-firestore:25.0.0] AndroidManifest.xml:19:17-82
208            <meta-data
208-->[com.google.firebase:firebase-firestore:25.0.0] AndroidManifest.xml:20:13-22:85
209                android:name="com.google.firebase.components:com.google.firebase.firestore.FirestoreRegistrar"
209-->[com.google.firebase:firebase-firestore:25.0.0] AndroidManifest.xml:21:17-111
210                android:value="com.google.firebase.components.ComponentRegistrar" />
210-->[com.google.firebase:firebase-firestore:25.0.0] AndroidManifest.xml:22:17-82
211            <meta-data
211-->[com.google.firebase:firebase-messaging:24.0.0] AndroidManifest.xml:57:13-59:85
212                android:name="com.google.firebase.components:com.google.firebase.messaging.FirebaseMessagingKtxRegistrar"
212-->[com.google.firebase:firebase-messaging:24.0.0] AndroidManifest.xml:58:17-122
213                android:value="com.google.firebase.components.ComponentRegistrar" />
213-->[com.google.firebase:firebase-messaging:24.0.0] AndroidManifest.xml:59:17-82
214            <meta-data
214-->[com.google.firebase:firebase-messaging:24.0.0] AndroidManifest.xml:60:13-62:85
215                android:name="com.google.firebase.components:com.google.firebase.messaging.FirebaseMessagingRegistrar"
215-->[com.google.firebase:firebase-messaging:24.0.0] AndroidManifest.xml:61:17-119
216                android:value="com.google.firebase.components.ComponentRegistrar" />
216-->[com.google.firebase:firebase-messaging:24.0.0] AndroidManifest.xml:62:17-82
217            <meta-data
217-->[com.google.firebase:firebase-storage:21.0.0] AndroidManifest.xml:30:13-32:85
218                android:name="com.google.firebase.components:com.google.firebase.storage.FirebaseStorageKtxRegistrar"
218-->[com.google.firebase:firebase-storage:21.0.0] AndroidManifest.xml:31:17-118
219                android:value="com.google.firebase.components.ComponentRegistrar" />
219-->[com.google.firebase:firebase-storage:21.0.0] AndroidManifest.xml:32:17-82
220            <meta-data
220-->[com.google.firebase:firebase-storage:21.0.0] AndroidManifest.xml:33:13-35:85
221                android:name="com.google.firebase.components:com.google.firebase.storage.StorageRegistrar"
221-->[com.google.firebase:firebase-storage:21.0.0] AndroidManifest.xml:34:17-107
222                android:value="com.google.firebase.components.ComponentRegistrar" />
222-->[com.google.firebase:firebase-storage:21.0.0] AndroidManifest.xml:35:17-82
223            <meta-data
223-->[com.google.firebase:firebase-database:21.0.0] AndroidManifest.xml:29:13-31:85
224                android:name="com.google.firebase.components:com.google.firebase.database.FirebaseDatabaseKtxRegistrar"
224-->[com.google.firebase:firebase-database:21.0.0] AndroidManifest.xml:30:17-120
225                android:value="com.google.firebase.components.ComponentRegistrar" />
225-->[com.google.firebase:firebase-database:21.0.0] AndroidManifest.xml:31:17-82
226            <meta-data
226-->[com.google.firebase:firebase-database:21.0.0] AndroidManifest.xml:32:13-34:85
227                android:name="com.google.firebase.components:com.google.firebase.database.DatabaseRegistrar"
227-->[com.google.firebase:firebase-database:21.0.0] AndroidManifest.xml:33:17-109
228                android:value="com.google.firebase.components.ComponentRegistrar" />
228-->[com.google.firebase:firebase-database:21.0.0] AndroidManifest.xml:34:17-82
229            <meta-data
229-->[com.google.firebase:firebase-appcheck:18.0.0] AndroidManifest.xml:25:13-27:85
230                android:name="com.google.firebase.components:com.google.firebase.appcheck.FirebaseAppCheckKtxRegistrar"
230-->[com.google.firebase:firebase-appcheck:18.0.0] AndroidManifest.xml:26:17-120
231                android:value="com.google.firebase.components.ComponentRegistrar" />
231-->[com.google.firebase:firebase-appcheck:18.0.0] AndroidManifest.xml:27:17-82
232            <meta-data
232-->[com.google.firebase:firebase-appcheck:18.0.0] AndroidManifest.xml:28:13-30:85
233                android:name="com.google.firebase.components:com.google.firebase.appcheck.FirebaseAppCheckRegistrar"
233-->[com.google.firebase:firebase-appcheck:18.0.0] AndroidManifest.xml:29:17-117
234                android:value="com.google.firebase.components.ComponentRegistrar" />
234-->[com.google.firebase:firebase-appcheck:18.0.0] AndroidManifest.xml:30:17-82
235            <meta-data
235-->[com.google.firebase:firebase-iid:21.1.0] AndroidManifest.xml:32:13-34:85
236                android:name="com.google.firebase.components:com.google.firebase.iid.Registrar"
236-->[com.google.firebase:firebase-iid:21.1.0] AndroidManifest.xml:33:17-96
237                android:value="com.google.firebase.components.ComponentRegistrar" />
237-->[com.google.firebase:firebase-iid:21.1.0] AndroidManifest.xml:34:17-82
238            <meta-data
238-->[com.google.firebase:firebase-installations:18.0.0] AndroidManifest.xml:15:13-17:85
239                android:name="com.google.firebase.components:com.google.firebase.installations.FirebaseInstallationsKtxRegistrar"
239-->[com.google.firebase:firebase-installations:18.0.0] AndroidManifest.xml:16:17-130
240                android:value="com.google.firebase.components.ComponentRegistrar" />
240-->[com.google.firebase:firebase-installations:18.0.0] AndroidManifest.xml:17:17-82
241            <meta-data
241-->[com.google.firebase:firebase-installations:18.0.0] AndroidManifest.xml:18:13-20:85
242                android:name="com.google.firebase.components:com.google.firebase.installations.FirebaseInstallationsRegistrar"
242-->[com.google.firebase:firebase-installations:18.0.0] AndroidManifest.xml:19:17-127
243                android:value="com.google.firebase.components.ComponentRegistrar" />
243-->[com.google.firebase:firebase-installations:18.0.0] AndroidManifest.xml:20:17-82
244            <meta-data
244-->[com.google.firebase:firebase-common-ktx:21.0.0] AndroidManifest.xml:12:13-14:85
245                android:name="com.google.firebase.components:com.google.firebase.ktx.FirebaseCommonLegacyRegistrar"
245-->[com.google.firebase:firebase-common-ktx:21.0.0] AndroidManifest.xml:13:17-116
246                android:value="com.google.firebase.components.ComponentRegistrar" />
246-->[com.google.firebase:firebase-common-ktx:21.0.0] AndroidManifest.xml:14:17-82
247            <meta-data
247-->[com.google.firebase:firebase-common:21.0.0] AndroidManifest.xml:35:13-37:85
248                android:name="com.google.firebase.components:com.google.firebase.FirebaseCommonKtxRegistrar"
248-->[com.google.firebase:firebase-common:21.0.0] AndroidManifest.xml:36:17-109
249                android:value="com.google.firebase.components.ComponentRegistrar" />
249-->[com.google.firebase:firebase-common:21.0.0] AndroidManifest.xml:37:17-82
250            <meta-data
250-->[com.google.firebase:firebase-datatransport:18.2.0] AndroidManifest.xml:25:13-27:85
251                android:name="com.google.firebase.components:com.google.firebase.datatransport.TransportRegistrar"
251-->[com.google.firebase:firebase-datatransport:18.2.0] AndroidManifest.xml:26:17-115
252                android:value="com.google.firebase.components.ComponentRegistrar" />
252-->[com.google.firebase:firebase-datatransport:18.2.0] AndroidManifest.xml:27:17-82
253        </service>
254        <service
254-->[:firebase_messaging] AndroidManifest.xml:16:9-19:72
255            android:name="io.flutter.plugins.firebase.messaging.FlutterFirebaseMessagingBackgroundService"
255-->[:firebase_messaging] AndroidManifest.xml:17:13-107
256            android:exported="false"
256-->[:firebase_messaging] AndroidManifest.xml:18:13-37
257            android:permission="android.permission.BIND_JOB_SERVICE" />
257-->[:firebase_messaging] AndroidManifest.xml:19:13-69
258        <service
258-->[:firebase_messaging] AndroidManifest.xml:20:9-26:19
259            android:name="io.flutter.plugins.firebase.messaging.FlutterFirebaseMessagingService"
259-->[:firebase_messaging] AndroidManifest.xml:21:13-97
260            android:exported="false" >
260-->[:firebase_messaging] AndroidManifest.xml:22:13-37
261            <intent-filter>
261-->[:firebase_messaging] AndroidManifest.xml:23:13-25:29
262                <action android:name="com.google.firebase.MESSAGING_EVENT" />
262-->[:firebase_messaging] AndroidManifest.xml:24:17-78
262-->[:firebase_messaging] AndroidManifest.xml:24:25-75
263            </intent-filter>
264        </service>
265
266        <receiver
266-->[:firebase_messaging] AndroidManifest.xml:28:9-35:20
267            android:name="io.flutter.plugins.firebase.messaging.FlutterFirebaseMessagingReceiver"
267-->[:firebase_messaging] AndroidManifest.xml:29:13-98
268            android:exported="true"
268-->[:firebase_messaging] AndroidManifest.xml:30:13-36
269            android:permission="com.google.android.c2dm.permission.SEND" >
269-->[:firebase_messaging] AndroidManifest.xml:31:13-73
270            <intent-filter>
270-->[:firebase_messaging] AndroidManifest.xml:32:13-34:29
271                <action android:name="com.google.android.c2dm.intent.RECEIVE" />
271-->[:firebase_messaging] AndroidManifest.xml:33:17-81
271-->[:firebase_messaging] AndroidManifest.xml:33:25-78
272            </intent-filter>
273        </receiver>
274
275        <provider
275-->[:firebase_messaging] AndroidManifest.xml:43:9-47:38
276            android:name="io.flutter.plugins.firebase.messaging.FlutterFirebaseMessagingInitProvider"
276-->[:firebase_messaging] AndroidManifest.xml:44:13-102
277            android:authorities="com.iinnside.messanger.flutterfirebasemessaginginitprovider"
277-->[:firebase_messaging] AndroidManifest.xml:45:13-88
278            android:exported="false"
278-->[:firebase_messaging] AndroidManifest.xml:46:13-37
279            android:initOrder="99" />
279-->[:firebase_messaging] AndroidManifest.xml:47:13-35
280        <provider
280-->[:image_picker_android] AndroidManifest.xml:11:9-19:20
281            android:name="io.flutter.plugins.imagepicker.ImagePickerFileProvider"
281-->[:image_picker_android] AndroidManifest.xml:12:13-82
282            android:authorities="com.iinnside.messanger.flutter.image_provider"